<?xml version="1.0" encoding="UTF-8"?>
<!-- Generated by org.testng.reporters.JUnitXMLReporter -->
<testsuite ignored="0" hostname="zeenat" failures="0" tests="3" name="TestRunner1" time="94.074" errors="0" timestamp="2025-07-03T19:31:25 IST">
  <testcase classname="Campaigns.CreateCampaignTest" name="CreateCampaignTest" time="30.637"/>
  <testcase classname="Campaigns.CreateCampaignTest" name="CreateContactTest" time="21.206"/>
  <testcase classname="Campaigns.CreateCampaignTest" name="m3" time="0.009"/>
</testsuite> <!-- TestRunner1 -->
